<?xml version="1.0" encoding="UTF-8"?>
<!-- Generated by org.testng.reporters.JUnitReportReporter -->
<testsuite hostname="DESKTOP-IBTNF9N" failures="0" tests="1" name="rnit.automationAPI.CreateUser" time="2.152" errors="0" timestamp="2022-06-10T10:41:11 IST" skipped="0">
  <testcase classname="rnit.automationAPI.CreateUser" name="toPostData" time="2.152"/>
  <system-out/>
</testsuite> <!-- rnit.automationAPI.CreateUser -->
