<?xml version="1.0" encoding="UTF-8"?>
<!-- Generated by org.testng.reporters.JUnitReportReporter -->
<testsuite hostname="DESKTOP-IBTNF9N" failures="0" tests="1" name="rnit.automationAPI.ToGetSingleUserData" time="1.517" errors="0" timestamp="2022-06-10T09:54:55 IST" skipped="0">
  <testcase classname="rnit.automationAPI.ToGetSingleUserData" name="singleUser" time="1.517"/>
  <system-out/>
</testsuite> <!-- rnit.automationAPI.ToGetSingleUserData -->
