<?xml version="1.0" encoding="UTF-8"?>
<!-- Generated by org.testng.reporters.JUnitReportReporter -->
<testsuite hostname="DESKTOP-IBTNF9N" failures="0" tests="1" name="rnit.automationAPI.ToGetUsers" time="1.651" errors="0" timestamp="2022-06-09T12:00:28 IST" skipped="0">
  <testcase classname="rnit.automationAPI.ToGetUsers" name="getUsers" time="1.651"/>
  <system-out/>
</testsuite> <!-- rnit.automationAPI.ToGetUsers -->
